Performing C SOURCE FILE Test CMAKE_HAVE_LIBC_PTHREAD failed with the following output:
Change Dir: /home/uo245275/g4work/MyFirstApplication/build/CMakeFiles/CMakeTmp

Run Build Command(s):/opt/rh/devtoolset-8/root/usr/bin/gmake cmTC_1006c/fast && /opt/rh/devtoolset-8/root/usr/bin/gmake  -f CMakeFiles/cmTC_1006c.dir/build.make CMakeFiles/cmTC_1006c.dir/build
gmake[1]: Entering directory '/home/uo245275/g4work/MyFirstApplication/build/CMakeFiles/CMakeTmp'
Building C object CMakeFiles/cmTC_1006c.dir/src.c.o
/opt/rh/devtoolset-8/root/usr/bin/cc   -DCMAKE_HAVE_LIBC_PTHREAD   -o CMakeFiles/cmTC_1006c.dir/src.c.o   -c /home/uo245275/g4work/MyFirstApplication/build/CMakeFiles/CMakeTmp/src.c
Linking C executable cmTC_1006c
/usr/bin/cmake3 -E cmake_link_script CMakeFiles/cmTC_1006c.dir/link.txt --verbose=1
/opt/rh/devtoolset-8/root/usr/bin/cc  -DCMAKE_HAVE_LIBC_PTHREAD    CMakeFiles/cmTC_1006c.dir/src.c.o  -o cmTC_1006c 
CMakeFiles/cmTC_1006c.dir/src.c.o: In function `main':
src.c:(.text+0x2d): undefined reference to `pthread_create'
src.c:(.text+0x39): undefined reference to `pthread_detach'
src.c:(.text+0x45): undefined reference to `pthread_cancel'
src.c:(.text+0x56): undefined reference to `pthread_join'
src.c:(.text+0x6a): undefined reference to `pthread_atfork'
collect2: error: ld returned 1 exit status
gmake[1]: *** [CMakeFiles/cmTC_1006c.dir/build.make:107: cmTC_1006c] Error 1
gmake[1]: Leaving directory '/home/uo245275/g4work/MyFirstApplication/build/CMakeFiles/CMakeTmp'
gmake: *** [Makefile:141: cmTC_1006c/fast] Error 2


Source file was:
#include <pthread.h>

void* test_func(void* data)
{
  return data;
}

int main(void)
{
  pthread_t thread;
  pthread_create(&thread, NULL, test_func, NULL);
  pthread_detach(thread);
  pthread_cancel(thread);
  pthread_join(thread, NULL);
  pthread_atfork(NULL, NULL, NULL);
  pthread_exit(NULL);

  return 0;
}

